[2021-11-22 15:35:50]  ----- BEGIN -----
[2021-11-22 15:35:50]  Old version 1.9.7
[2021-11-22 15:35:50]  Migrations found: 
[2021-11-22 15:35:50]  ArContactusUpgrade_157.php
[2021-11-22 15:35:50]  ArContactusUpgrade_160.php
[2021-11-22 15:35:50]  ArContactusUpgrade_180.php
[2021-11-22 15:35:50]  ArContactusUpgrade_182.php
[2021-11-22 15:35:50]  ArContactusUpgrade_195.php
[2021-11-22 15:35:50]  ArContactusUpgrade_199.php
[2021-11-22 15:35:50]  Applying migration ArContactusUpgrade_199.php[2021-11-22 15:35:50]   :: OK
[2021-11-22 15:35:50]  Store migration version 1.9.9
[2021-11-22 15:35:50]  ArContactusUpgrade_200.php
[2021-11-22 15:35:50]  Applying migration ArContactusUpgrade_200.php[2021-11-22 15:35:50]   :: OK
[2021-11-22 15:35:50]  Store migration version 2.0.0
[2021-11-22 15:35:50]  ArContactusUpgrade_211.php
[2021-11-22 15:35:50]  Applying migration ArContactusUpgrade_211.php[2021-11-22 15:35:50]   :: OK
[2021-11-22 15:35:50]  Store migration version 2.1.1
[2021-11-22 15:35:50]  Store plugin version 2.1.3
[2021-11-22 15:35:50]  ----- END -----

[2021-11-23 01:10:35]  ----- BEGIN -----
[2021-11-23 01:10:35]  Old version 2.1.3
[2021-11-23 01:10:35]  Migrations found: 
[2021-11-23 01:10:35]  ArContactusUpgrade_157.php
[2021-11-23 01:10:35]  ArContactusUpgrade_160.php
[2021-11-23 01:10:35]  ArContactusUpgrade_180.php
[2021-11-23 01:10:35]  ArContactusUpgrade_182.php
[2021-11-23 01:10:35]  ArContactusUpgrade_195.php
[2021-11-23 01:10:35]  ArContactusUpgrade_199.php
[2021-11-23 01:10:35]  ArContactusUpgrade_200.php
[2021-11-23 01:10:35]  ArContactusUpgrade_211.php
[2021-11-23 01:10:35]  Store plugin version 2.1.3
[2021-11-23 01:10:35]  ----- END -----

[2021-11-23 01:19:38]  ----- BEGIN -----
[2021-11-23 01:19:38]  Old version 2.1.3
[2021-11-23 01:19:38]  Migrations found: 
[2021-11-23 01:19:38]  ArContactusUpgrade_157.php
[2021-11-23 01:19:38]  ArContactusUpgrade_160.php
[2021-11-23 01:19:38]  ArContactusUpgrade_180.php
[2021-11-23 01:19:38]  ArContactusUpgrade_182.php
[2021-11-23 01:19:38]  ArContactusUpgrade_195.php
[2021-11-23 01:19:38]  ArContactusUpgrade_199.php
[2021-11-23 01:19:38]  ArContactusUpgrade_200.php
[2021-11-23 01:19:38]  ArContactusUpgrade_211.php
[2021-11-23 01:19:38]  Store plugin version 2.1.3
[2021-11-23 01:19:38]  ----- END -----

[2021-11-23 01:19:57]  ----- BEGIN -----
[2021-11-23 01:19:57]  Old version 2.1.3
[2021-11-23 01:19:57]  Migrations found: 
[2021-11-23 01:19:57]  ArContactusUpgrade_157.php
[2021-11-23 01:19:57]  ArContactusUpgrade_160.php
[2021-11-23 01:19:57]  ArContactusUpgrade_180.php
[2021-11-23 01:19:57]  ArContactusUpgrade_182.php
[2021-11-23 01:19:57]  ArContactusUpgrade_195.php
[2021-11-23 01:19:57]  ArContactusUpgrade_199.php
[2021-11-23 01:19:57]  ArContactusUpgrade_200.php
[2021-11-23 01:19:57]  ArContactusUpgrade_211.php
[2021-11-23 01:19:57]  Store plugin version 2.1.3
[2021-11-23 01:19:57]  ----- END -----

[2021-11-25 08:14:26]  ----- BEGIN -----
[2021-11-25 08:14:26]  Old version 2.1.3
[2021-11-25 08:14:26]  Migrations found: 
[2021-11-25 08:14:26]  ArContactusUpgrade_157.php
[2021-11-25 08:14:26]  ArContactusUpgrade_160.php
[2021-11-25 08:14:26]  ArContactusUpgrade_180.php
[2021-11-25 08:14:26]  ArContactusUpgrade_182.php
[2021-11-25 08:14:26]  ArContactusUpgrade_195.php
[2021-11-25 08:14:26]  ArContactusUpgrade_199.php
[2021-11-25 08:14:26]  ArContactusUpgrade_200.php
[2021-11-25 08:14:26]  ArContactusUpgrade_211.php
[2021-11-25 08:14:26]  Store plugin version 2.1.3
[2021-11-25 08:14:26]  ----- END -----

